2020-04-05 21:00:47,006 INFO c.r.d.CustomerDaoImplementation [main] Balance updated to50.050.0
2020-04-05 21:02:13,863 INFO c.r.d.CustomerDaoImplementation [main] Balance updated to200.0
2020-04-05 22:12:08,688 INFO c.r.d.CustomerDaoImplementation [main] literallyme balance updated: $200.0-> $150.0
2020-04-05 22:12:09,417 INFO c.r.d.CustomerDaoImplementation [main] mysister balance updated: $1.0-> $51.0
2020-04-05 22:18:10,080 INFO c.r.d.CustomerDaoImplementation [main] mysister balance updated: $1.0-> $0.0
2020-04-05 22:18:10,806 INFO c.r.d.CustomerDaoImplementation [main] literallyme balance updated: $150.0-> $151.0
2020-04-05 22:19:53,154 INFO c.r.d.CustomerDaoImplementation [main] literallyme balance updated: $151.0-> $101.0
2020-04-05 22:19:53,878 INFO c.r.d.CustomerDaoImplementation [main] mysister balance updated: $0.0-> $50.0
2020-04-05 22:25:29,911 INFO c.r.d.CustomerDaoImplementation [main] literallyme balance updated: $101.0-> $76.0
2020-04-05 22:25:30,644 INFO c.r.d.CustomerDaoImplementation [main] mysister balance updated: $0.0-> $25.0
2020-04-05 22:27:55,707 INFO c.r.d.CustomerDaoImplementation [main] literallyme balance updated: $76.0-> $51.0
2020-04-05 22:33:56,251 INFO c.r.d.CustomerDaoImplementation [main] literallyme balance updated: $51.0-> $31.0
2020-04-05 22:33:56,989 INFO c.r.d.CustomerDaoImplementation [main] mysister balance updated: $45.0-> $65.0
2020-04-05 22:36:01,491 INFO c.r.d.CustomerDaoImplementation [main] literallyme balance updated: $1031.0-> $2031.0
2020-04-05 22:37:11,349 INFO c.r.d.CustomerDaoImplementation [main] literallyme balance updated: $2031.0-> $3031.0
2020-04-05 22:37:46,156 INFO c.r.d.CustomerDaoImplementation [main] literallyme balance updated: $2031.0-> $1531.0
2020-04-05 22:37:46,894 INFO c.r.d.CustomerDaoImplementation [main] mysister balance updated: $525.0-> $1025.0
2020-04-05 22:42:01,611 INFO c.r.d.CustomerDaoImplementation [main] literallyme balance updated: $1531.0-> $1431.0
2020-04-05 22:42:02,337 INFO c.r.d.CustomerDaoImplementation [main] mysister balance updated: $125.0-> $225.0
2020-04-05 22:43:30,982 INFO c.r.d.CustomerDaoImplementation [main] literallyme balance updated: $1431.0-> $1331.0
2020-04-05 22:43:31,706 INFO c.r.d.CustomerDaoImplementation [main] mysister balance updated: $125.0-> $225.0
2020-04-05 22:46:34,948 INFO c.r.d.CustomerDaoImplementation [main] literallyme balance updated: $1331.0-> $1231.0
2020-04-05 22:46:35,669 INFO c.r.d.CustomerDaoImplementation [main] mysister balance updated: $125.0-> $225.0
2020-04-05 22:47:28,832 INFO c.r.d.CustomerDaoImplementation [main] literallyme balance updated: $1231.0-> $1131.0
2020-04-05 22:47:54,181 INFO c.r.d.CustomerDaoImplementation [main] mysister balance updated: $225.0-> $525.0
2020-04-05 23:23:35,231 INFO c.r.d.EmployeeDaoImplementation [main] Approved account: number5
2020-04-06 14:06:56,369 INFO c.r.d.CustomerDaoImplementation [main] literallyme balance updated: $1131.0-> $101131.0
2020-04-06 19:52:37,466 INFO c.r.d.Driver [main] Logged in customer: literallyme
2020-04-06 19:56:22,260 INFO c.r.d.Driver [main] Logged in customer: literallyme
2020-04-06 21:12:14,079 INFO c.r.d.Driver [main] Logged in customer: literallyme
2020-04-06 21:12:26,390 INFO c.r.d.CustomerDaoImplementation [main] literallyme balance updated: $101131.0-> $91131.0
2020-04-06 21:12:41,714 INFO c.r.d.CustomerDaoImplementation [main] literallyme balance updated: $91131.0-> $91186.0
2020-04-06 21:24:50,986 INFO c.r.d.CustomerDaoImplementation [main] literallyme balance updated: $91186.0-> $91063.0
2020-04-06 21:24:51,691 INFO c.r.d.CustomerDaoImplementation [main] Update failed
2020-04-06 21:25:33,609 INFO c.r.d.Driver [main] Logged out customer: literallyme
2020-04-06 21:27:55,747 INFO c.r.d.Driver [main] Logged in customer: literallyme
2020-04-06 21:28:04,360 INFO c.r.d.CustomerDaoImplementation [main] literallyme balance updated: $91063.0-> $91107.0
2020-04-06 21:28:14,296 INFO c.r.d.CustomerDaoImplementation [main] literallyme balance updated: $91107.0-> $91063.0
2020-04-06 21:28:21,202 INFO c.r.d.CustomerDaoImplementation [main] literallyme balance updated: $91063.0-> $91008.0
2020-04-06 21:28:21,880 INFO c.r.d.CustomerDaoImplementation [main] Update failed
2020-04-06 21:36:24,418 INFO c.r.d.Driver [main] Logged in customer: literallyme
2020-04-06 21:36:50,762 INFO c.r.d.CustomerDaoImplementation [main] literallyme balance updated: $91008.0-> $81008.0
2020-04-06 21:36:51,472 INFO c.r.d.CustomerDaoImplementation [main] mysister balance updated: $525.0-> $10525.0
2020-04-06 21:37:23,830 INFO c.r.d.Driver [main] Logged out customer: literallyme
2020-04-06 21:37:59,835 INFO c.r.d.Driver [main] Logged in employee: jackmustang
2020-04-06 21:40:42,656 INFO c.r.d.Driver [main] Logged in employee: jackmustang
2020-04-06 21:46:39,167 INFO c.r.d.Driver [main] Logged in employee: jackmustang
2020-04-06 21:46:50,600 INFO c.r.d.EmployeeDaoImplementation [main] Approved account: 
2020-04-06 21:52:40,291 INFO c.r.d.Driver [main] Logged in employee: jackmustang
2020-04-06 21:53:16,252 INFO c.r.d.EmployeeDaoImplementation [main] Denied account: fnkdasl
2020-04-06 22:00:04,374 INFO c.r.d.Driver [main] Logged out employee: jackmustang
2020-04-06 22:00:44,072 INFO c.r.d.Driver [main] Logged in admin: autarch
2020-04-06 22:14:22,900 INFO c.r.d.Driver [main] cody martin applied for an account
2020-04-06 22:14:39,744 INFO c.r.d.Driver [main] Logged in admin: autarch
2020-04-06 22:15:33,659 INFO c.r.d.EmployeeDaoImplementation [main] Denied account: dk
2020-04-06 22:20:26,564 INFO c.r.d.Driver [main] Logged in admin: autarch
2020-04-06 22:21:01,602 INFO c.r.d.EmployeeDaoImplementation [main] Denied account: codyrmartin
2020-04-06 22:22:52,677 INFO c.r.d.Driver [main] mr. mime and mrs. meme applied for a joint account
2020-04-06 22:23:18,229 INFO c.r.d.Driver [main] Logged in admin: autarch
2020-04-06 22:23:33,450 INFO c.r.d.EmployeeDaoImplementation [main] Approved account: mimememe
2020-04-06 22:23:56,955 INFO c.r.d.AdminDaoImplementation [main] Could not find account: nfkdasl
2020-04-06 22:24:12,309 INFO c.r.d.AdminDaoImplementation [main] Closed account: mimememe
2020-04-06 22:39:13,853 INFO c.r.d.Driver [main] Logged in admin: autarch
2020-04-06 22:40:26,846 INFO c.r.d.Driver [main] Logged in admin: autarch
2020-04-06 22:41:14,714 INFO c.r.d.Driver [main] Logged in admin: autarch
2020-04-06 23:10:16,855 INFO c.r.d.Driver [main] Logged in admin: autarch
2020-04-06 23:13:50,233 INFO c.r.d.Driver [main] Logged in admin: autarch
2020-04-06 23:22:53,396 INFO c.r.d.Driver [main] Logged in admin: autarch
2020-04-06 23:23:32,630 INFO c.r.d.CustomerDaoImplementation [main] literallyme balance updated: $81008.0-> $80993.0
2020-04-06 23:23:33,375 INFO c.r.d.CustomerDaoImplementation [main] mysister balance updated: $10525.0-> $10540.0
2020-04-06 23:27:52,381 INFO c.r.d.AdminDaoImplementation [main] Could not find account: nkl
2020-04-06 23:28:04,961 INFO c.r.d.Driver [main] Logged out admin: autarch
2020-04-06 23:29:38,221 INFO c.r.d.Driver [main] Richard Martin and Kristi Martin applied for a joint account
2020-04-07 18:12:47,538 INFO c.r.d.Driver [main] fjd jfdsn applied for an account
2020-04-07 18:26:42,444 INFO c.r.d.Driver [main] Logged in admin: autarch
2020-04-07 18:27:34,375 INFO c.r.d.EmployeeDaoImplementation [main] Approved account: myparents
2020-04-07 18:27:52,256 INFO c.r.d.EmployeeDaoImplementation [main] Denied account: tiddlywinks
2020-04-07 18:28:41,692 INFO c.r.d.CustomerDaoImplementation [main] myparents balance updated: $0.0-> $500.0
2020-04-07 18:29:03,710 INFO c.r.d.CustomerDaoImplementation [main] literallyme balance updated: $80993.0-> $79993.0
2020-04-07 18:29:04,410 INFO c.r.d.CustomerDaoImplementation [main] myparents balance updated: $500.0-> $1500.0
2020-04-07 18:32:28,371 INFO c.r.d.AdminDaoImplementation [main] Could not find account: fndksal
2020-04-07 18:32:50,135 INFO c.r.d.Driver [main] Logged out admin: autarch
2020-04-07 18:34:13,124 INFO c.r.d.Driver [main] Logged in customer: literallyme
2020-04-07 18:34:40,321 INFO c.r.d.CustomerDaoImplementation [main] literallyme balance updated: $79993.0-> $229993.0
2020-04-07 18:34:52,342 INFO c.r.d.CustomerDaoImplementation [main] literallyme balance updated: $229993.0-> $217993.0
2020-04-07 18:34:53,046 INFO c.r.d.CustomerDaoImplementation [main] mysister balance updated: $10540.0-> $22540.0
2020-04-07 18:34:59,349 INFO c.r.d.Driver [main] Logged out customer: literallyme
2020-04-07 18:35:27,974 INFO c.r.d.Driver [main] Logged in customer: mysister
2020-04-07 18:36:05,085 INFO c.r.d.CustomerDaoImplementation [main] mysister balance updated: $22540.0-> $72540.0
2020-04-07 18:36:08,694 INFO c.r.d.Driver [main] Logged out customer: mysister
2020-04-07 18:36:18,507 INFO c.r.d.Driver [main] Logged in employee: jackmustang
2020-04-07 18:37:04,089 INFO c.r.d.Driver [main] Logged out employee: jackmustang
2020-04-08 09:42:42,766 INFO c.r.d.Driver [main] Baldanders Soonanother and Dr. Talos applied for a joint account
2020-04-08 09:45:25,253 INFO c.r.d.Driver [main] Logged in employee: jackmustang
2020-04-08 09:46:02,257 INFO c.r.d.EmployeeDaoImplementation [main] Denied account: fdsafrw
2020-04-08 09:46:06,590 INFO c.r.d.Driver [main] Logged out employee: jackmustang
2020-04-08 09:46:55,555 INFO c.r.d.Driver [main] Baldanders Diuturna and Dr. Talos applied for a joint account
2020-04-08 10:14:43,047 INFO c.r.d.Driver [main] Logged in customer: literallyme
2020-04-08 10:15:02,523 INFO c.r.d.CustomerDaoImplementation [main] literallyme balance updated: $217993.0-> $230337.0
2020-04-08 10:15:24,046 INFO c.r.d.CustomerDaoImplementation [main] literallyme balance updated: $230337.0-> $227836.01
2020-04-08 10:15:47,943 INFO c.r.d.CustomerDaoImplementation [main] literallyme balance updated: $227836.01-> $27836.01000000001
2020-04-08 10:15:48,944 INFO c.r.d.CustomerDaoImplementation [main] mysister balance updated: $72540.0-> $272540.0
2020-04-08 10:16:23,484 INFO c.r.d.Driver [main] Logged out customer: literallyme
2020-04-08 10:27:00,351 INFO c.r.d.Driver [main] Logged in customer: mysister
2020-04-08 10:27:20,305 INFO c.r.d.CustomerDaoImplementation [main] mysister balance updated: $272540.0-> $222540.0
2020-04-08 10:27:20,998 INFO c.r.d.CustomerDaoImplementation [main] literallyme balance updated: $27836.01000000001-> $77836.01000000001
2020-04-08 10:29:14,669 INFO c.r.d.Driver [main] Logged out customer: mysister
2020-04-08 10:29:25,190 INFO c.r.d.Driver [main] Logged in customer: literallyme
2020-04-08 10:29:43,811 INFO c.r.d.Driver [main] Logged out customer: literallyme
2020-04-08 10:30:11,145 INFO c.r.d.Driver [main] Logged in employee: jackmustang
2020-04-08 10:31:08,773 INFO c.r.d.Driver [main] Logged out employee: jackmustang
2020-04-08 10:31:52,633 INFO c.r.d.Driver [main] Chatelaine Thecla applied for an account
2020-04-08 10:32:06,745 INFO c.r.d.Driver [main] Logged in admin: autarch
2020-04-08 10:32:20,194 INFO c.r.d.Driver [main] Logged out admin: autarch
2020-04-08 10:32:31,123 INFO c.r.d.Driver [main] Logged in admin: autarch
2020-04-08 10:32:47,180 INFO c.r.d.EmployeeDaoImplementation [main] Denied account: theclaw
2020-04-08 10:32:56,696 INFO c.r.d.Driver [main] Logged out admin: autarch
2020-04-08 11:55:07,972 INFO c.r.d.Driver [main] Logged in customer: literallyme
2020-04-08 11:55:29,712 INFO c.r.d.CustomerDaoImplementation [main] literallyme balance updated: $77836.0-> $78336.0
2020-04-08 11:55:46,445 INFO c.r.d.CustomerDaoImplementation [main] literallyme balance updated: $78336.0-> $78136.0
2020-04-08 11:55:56,329 INFO c.r.d.CustomerDaoImplementation [main] literallyme balance updated: $78136.0-> $77636.0
2020-04-08 11:55:57,063 INFO c.r.d.CustomerDaoImplementation [main] mysister balance updated: $222540.0-> $223040.0
2020-04-08 11:56:02,644 INFO c.r.d.Driver [main] Logged out customer: literallyme
2020-04-08 11:56:16,491 INFO c.r.d.Driver [main] Logged in employee: jackmustang
2020-04-08 11:57:06,572 INFO c.r.d.Driver [main] Logged out employee: jackmustang
2020-04-08 11:57:24,578 INFO c.r.d.Driver [main] Chatelaine Thecla applied for an account
2020-04-08 11:57:36,957 INFO c.r.d.Driver [main] Logged in admin: autarch
2020-04-08 11:57:56,175 INFO c.r.d.EmployeeDaoImplementation [main] Approved account: theclaw
2020-04-08 11:58:09,831 INFO c.r.d.EmployeeDaoImplementation [main] Denied account: soonanother
2020-04-08 11:58:28,272 INFO c.r.d.CustomerDaoImplementation [main] literallyme balance updated: $77636.0-> $76636.0
2020-04-08 11:58:53,512 INFO c.r.d.CustomerDaoImplementation [main] mysister balance updated: $223040.0-> $226040.0
2020-04-08 11:59:25,173 INFO c.r.d.CustomerDaoImplementation [main] mysister balance updated: $226040.0-> $223040.0
2020-04-08 11:59:25,883 INFO c.r.d.CustomerDaoImplementation [main] literallyme balance updated: $76636.0-> $79636.0
2020-04-08 11:59:42,933 INFO c.r.d.AdminDaoImplementation [main] Closed account: money
2020-04-08 11:59:54,339 INFO c.r.d.Driver [main] Logged out admin: autarch
2020-04-18 15:57:09,598 INFO c.r.d.Driver [main] Logged in customer: literallyme
2020-04-18 15:57:12,635 INFO c.r.d.Driver [main] Logged out customer: literallyme
